<?xml version="1.0" encoding="UTF-8"?>
<!-- Generated by org.testng.reporters.JUnitXMLReporter -->
<testsuite ignored="0" hostname="TYSS-Chandana" failures="0" tests="3" name="Test" time="32.76" errors="0" timestamp="2024-04-20T08:19:56 IST">
  <testcase classname="ecom.LaunchDemoWeb_Test" name="demoWebShop" time="8.07"/>
  <testcase classname="ecom.LaunchBookMyShow_Test" name="bookMyShow" time="6.956"/>
  <testcase classname="ecom.LaunchSkill_Test" name="skillary" time="17.702"/>
</testsuite> <!-- Test -->
