<?xml version="1.0" encoding="UTF-8"?>
<testng-results ignored="0" total="1" passed="1" failed="0" skipped="0">
  <reporter-output>
  </reporter-output>
  <suite started-at="2024-04-22T07:33:57 IST" name="Surefire suite" finished-at="2024-04-22T07:34:19 IST" duration-ms="22365">
    <groups>
    </groups>
    <test started-at="2024-04-22T07:33:57 IST" name="Surefire test" finished-at="2024-04-22T07:34:19 IST" duration-ms="22365">
      <class name="beauty.LaunchLakme_Test">
        <test-method signature="lakme()[pri:0, instance:beauty.LaunchLakme_Test@2362f559]" started-at="2024-04-22T07:33:57 IST" name="lakme" finished-at="2024-04-22T07:34:19 IST" duration-ms="22337" status="PASS">
          <reporter-output>
          </reporter-output>
        </test-method> <!-- lakme -->
      </class> <!-- beauty.LaunchLakme_Test -->
    </test> <!-- Surefire test -->
  </suite> <!-- Surefire suite -->
</testng-results>
