<?xml version="1.0" encoding="UTF-8"?>
<testng-results ignored="0" total="1" passed="1" failed="0" skipped="0">
  <reporter-output>
  </reporter-output>
  <suite started-at="2024-04-19T07:17:38 IST" name="Default suite" finished-at="2024-04-19T07:17:49 IST" duration-ms="11775">
    <groups>
    </groups>
    <test started-at="2024-04-19T07:17:38 IST" name="Default test" finished-at="2024-04-19T07:17:49 IST" duration-ms="11775">
      <class name="beauty.LaunchLakme_Test">
        <test-method signature="lakme()[pri:0, instance:beauty.LaunchLakme_Test@649bec2e]" started-at="2024-04-19T07:17:38 IST" name="lakme" finished-at="2024-04-19T07:17:49 IST" duration-ms="11739" status="PASS">
          <reporter-output>
          </reporter-output>
        </test-method> <!-- lakme -->
      </class> <!-- beauty.LaunchLakme_Test -->
    </test> <!-- Default test -->
  </suite> <!-- Default suite -->
</testng-results>
